[2024-07-03 16:10:45] INFO | Started loading photo style for 5744870033
[2024-07-03 16:11:03] INFO | 5744870033 loading AgACAgIAAxkBAANJZoVN6H-RNiAtpBIadk-So-7FSj0AAm3dMRtf9DBI5wYpnvRpQj0BAAMCAAN5AAM1BA.jpg
[2024-07-03 16:11:08] INFO | Started loading photo source for 5744870033
[2024-07-03 16:11:19] INFO | 5744870033 loading AgACAgIAAxkBAANNZoVN93Lc9P9dw4U5ytHA2Q1fliMAAm7dMRtf9DBIuwABcqQ42_Y4AQADAgADeQADNQQ.jpg
[2024-07-03 16:11:26] INFO | 5744870033 generating photo
[2024-07-03 16:11:26] INFO | 5744870033 | source file: AgACAgIAAxkBAANNZoVN93Lc9P9dw4U5ytHA2Q1fliMAAm7dMRtf9DBIuwABcqQ42_Y4AQADAgADeQADNQQ | image_file: AgACAgIAAxkBAANJZoVN6H-RNiAtpBIadk-So-7FSj0AAm3dMRtf9DBI5wYpnvRpQj0BAAMCAAN5AAM1BA
[2024-07-03 16:11:35] INFO | Optimizing..
[2024-07-03 16:12:02] INFO | run [5]:
[2024-07-03 16:12:02] INFO | Style Loss : 8599.227539 Content Loss: 13.983724
[2024-07-03 16:12:30] INFO | run [10]:
[2024-07-03 16:12:30] INFO | Style Loss : 2671.254639 Content Loss: 17.363842
[2024-07-03 16:12:58] INFO | run [15]:
[2024-07-03 16:12:58] INFO | Style Loss : 1554.013184 Content Loss: 19.735310
[2024-07-03 16:13:25] INFO | run [20]:
[2024-07-03 16:13:25] INFO | Style Loss : 986.846497 Content Loss: 21.352320
[2024-07-03 16:13:53] INFO | run [25]:
[2024-07-03 16:13:53] INFO | Style Loss : 735.689514 Content Loss: 21.744015
[2024-07-03 16:14:22] INFO | run [30]:
[2024-07-03 16:14:22] INFO | Style Loss : 527.511841 Content Loss: 23.030035
[2024-07-03 16:14:51] INFO | run [35]:
[2024-07-03 16:14:51] INFO | Style Loss : 390.384583 Content Loss: 23.282743
[2024-07-03 16:15:20] INFO | run [40]:
[2024-07-03 16:15:20] INFO | Style Loss : 292.077087 Content Loss: 23.777191
[2024-07-03 16:15:48] INFO | run [45]:
[2024-07-03 16:15:48] INFO | Style Loss : 184.559845 Content Loss: 24.228851
[2024-07-03 16:16:17] INFO | run [50]:
[2024-07-03 16:16:17] INFO | Style Loss : 127.308243 Content Loss: 24.424625
[2024-07-03 16:16:46] INFO | run [55]:
[2024-07-03 16:16:46] INFO | Style Loss : 93.158623 Content Loss: 24.538574
[2024-07-03 16:17:15] INFO | run [60]:
[2024-07-03 16:17:15] INFO | Style Loss : 76.411797 Content Loss: 24.647516
[2024-07-03 16:17:15] INFO | 7f9960a2a0d74537a94508e2a21d4268.jpg
[2024-07-03 16:31:18] INFO | Started loading photo source for 5744870033
[2024-07-03 16:31:32] INFO | 5744870033 loading AgACAgIAAxkBAANUZoVStJ6eE-jBh42LRU0kg-Uji80AAofdMRtf9DBI9Z8oJXu_kIEBAAMCAAN5AAM1BA.jpg
[2024-07-03 16:31:42] INFO | Started loading photo style for 5744870033
[2024-07-03 16:31:49] INFO | 5744870033 loading AgACAgIAAxkBAANYZoVSxWWMkH5KCCxLXJoE4-LZ9_kAAojdMRtf9DBI-0H5bRQgMSkBAAMCAAN5AAM1BA.jpg
[2024-07-03 16:31:52] INFO | 5744870033 generating photo
[2024-07-03 16:31:52] INFO | 5744870033 | source file: AgACAgIAAxkBAANUZoVStJ6eE-jBh42LRU0kg-Uji80AAofdMRtf9DBI9Z8oJXu_kIEBAAMCAAN5AAM1BA | image_file: AgACAgIAAxkBAANYZoVSxWWMkH5KCCxLXJoE4-LZ9_kAAojdMRtf9DBI-0H5bRQgMSkBAAMCAAN5AAM1BA
[2024-07-03 16:32:00] INFO | Optimizing..
[2024-07-03 16:32:24] INFO | run [5]:
[2024-07-03 16:32:24] INFO | Style Loss : 4815.390137 Content Loss: 6.308442
[2024-07-03 16:32:48] INFO | run [10]:
[2024-07-03 16:32:48] INFO | Style Loss : 1116.456055 Content Loss: 11.839254
[2024-07-03 16:33:13] INFO | run [15]:
[2024-07-03 16:33:13] INFO | Style Loss : 433.362732 Content Loss: 16.472542
[2024-07-03 16:33:38] INFO | run [20]:
[2024-07-03 16:33:38] INFO | Style Loss : 282.322540 Content Loss: 18.150087
[2024-07-03 16:34:03] INFO | run [25]:
[2024-07-03 16:34:03] INFO | Style Loss : 200.473328 Content Loss: 18.959795
[2024-07-03 16:34:28] INFO | run [30]:
[2024-07-03 16:34:28] INFO | Style Loss : 140.794846 Content Loss: 19.537828
[2024-07-03 16:34:53] INFO | run [35]:
[2024-07-03 16:34:53] INFO | Style Loss : 111.424484 Content Loss: 20.058367
[2024-07-03 16:35:18] INFO | run [40]:
[2024-07-03 16:35:18] INFO | Style Loss : 91.983986 Content Loss: 20.041370
[2024-07-03 16:35:44] INFO | run [45]:
[2024-07-03 16:35:44] INFO | Style Loss : 73.722153 Content Loss: 20.445250
[2024-07-03 16:36:10] INFO | run [50]:
[2024-07-03 16:36:10] INFO | Style Loss : 60.167500 Content Loss: 20.625408
[2024-07-03 16:36:36] INFO | run [55]:
[2024-07-03 16:36:36] INFO | Style Loss : 49.819885 Content Loss: 20.538181
[2024-07-03 16:37:02] INFO | run [60]:
[2024-07-03 16:37:02] INFO | Style Loss : 42.803577 Content Loss: 20.685389
[2024-07-03 16:37:02] INFO | a25a26bba37f46f08be0d53ecc8202a2.jpg
[2024-07-03 16:38:55] INFO | Started loading photo style for 5744870033
[2024-07-03 16:39:26] INFO | 5744870033 loading AgACAgIAAxkBAANfZoVUjjy8FVWpxYP8q-cCfE6tDOQAAqLdMRtf9DBIIreVBvHMSLsBAAMCAAN4AAM1BA.jpg
[2024-07-03 16:39:29] INFO | Started loading photo source for 5744870033
[2024-07-03 16:39:39] INFO | 5744870033 loading AgACAgIAAxkBAANjZoVUnNVlq3yiDeULAAHVd03bRXLQAAKH3TEbX_QwSPWfKCV7v5CBAQADAgADeQADNQQ.jpg
[2024-07-03 16:39:43] INFO | 5744870033 generating photo
[2024-07-03 16:39:43] INFO | 5744870033 | source file: AgACAgIAAxkBAANjZoVUnNVlq3yiDeULAAHVd03bRXLQAAKH3TEbX_QwSPWfKCV7v5CBAQADAgADeQADNQQ | image_file: AgACAgIAAxkBAANfZoVUjjy8FVWpxYP8q-cCfE6tDOQAAqLdMRtf9DBIIreVBvHMSLsBAAMCAAN4AAM1BA
[2024-07-03 16:39:51] INFO | Optimizing..
[2024-07-03 16:40:15] INFO | run [5]:
[2024-07-03 16:40:15] INFO | Style Loss : 2487.934082 Content Loss: 5.342668
[2024-07-03 16:40:39] INFO | run [10]:
[2024-07-03 16:40:39] INFO | Style Loss : 987.615112 Content Loss: 11.437145
[2024-07-03 16:41:03] INFO | run [15]:
[2024-07-03 16:41:03] INFO | Style Loss : 632.097900 Content Loss: 14.343205
[2024-07-03 16:41:28] INFO | run [20]:
[2024-07-03 16:41:28] INFO | Style Loss : 399.662231 Content Loss: 16.639946
[2024-07-03 16:41:53] INFO | run [25]:
[2024-07-03 16:41:53] INFO | Style Loss : 259.798370 Content Loss: 17.535030
[2024-07-03 16:42:17] INFO | run [30]:
[2024-07-03 16:42:17] INFO | Style Loss : 199.121918 Content Loss: 17.601410
[2024-07-03 16:42:42] INFO | run [35]:
[2024-07-03 16:42:42] INFO | Style Loss : 132.411926 Content Loss: 17.436186
[2024-07-03 16:43:07] INFO | run [40]:
[2024-07-03 16:43:07] INFO | Style Loss : 88.584320 Content Loss: 17.761147
[2024-07-03 16:43:33] INFO | run [45]:
[2024-07-03 16:43:33] INFO | Style Loss : 69.719887 Content Loss: 17.780321
[2024-07-03 16:43:58] INFO | run [50]:
[2024-07-03 16:43:58] INFO | Style Loss : 57.323330 Content Loss: 18.030922
[2024-07-03 16:44:24] INFO | run [55]:
[2024-07-03 16:44:24] INFO | Style Loss : 46.572598 Content Loss: 17.965769
[2024-07-03 16:44:49] INFO | run [60]:
[2024-07-03 16:44:49] INFO | Style Loss : 41.133949 Content Loss: 18.097883
[2024-07-03 16:44:50] INFO | ae2542290d2f4e8bb5bd24d791f6ef97.jpg
[2024-07-03 17:35:22] INFO | Started loading photo source for 5744870033
[2024-07-03 17:35:32] INFO | 5744870033 loading AgACAgIAAxkBAANqZoVhtYOlNo4kG60BFvJQsaBXpLsAAofdMRtf9DBI9Z8oJXu_kIEBAAMCAAN5AAM1BA.jpg
[2024-07-03 17:35:36] INFO | Started loading photo style for 5744870033
[2024-07-03 17:35:47] INFO | 5744870033 loading AgACAgIAAxkBAANuZoVhxG-HKK9TfnbLE7j50yN4xG4AAineMRtf9DBIhAFh-2xfaJ8BAAMCAAN5AAM1BA.jpg
[2024-07-03 17:35:50] INFO | 5744870033 generating photo
[2024-07-03 17:35:50] INFO | 5744870033 | source file: AgACAgIAAxkBAANqZoVhtYOlNo4kG60BFvJQsaBXpLsAAofdMRtf9DBI9Z8oJXu_kIEBAAMCAAN5AAM1BA | image_file: AgACAgIAAxkBAANuZoVhxG-HKK9TfnbLE7j50yN4xG4AAineMRtf9DBIhAFh-2xfaJ8BAAMCAAN5AAM1BA
[2024-07-03 17:35:59] INFO | Optimizing..
[2024-07-03 17:36:24] INFO | run [5]:
[2024-07-03 17:36:24] INFO | Style Loss : 57741.324219 Content Loss: 10.441198
[2024-07-03 17:36:51] INFO | run [10]:
[2024-07-03 17:36:51] INFO | Style Loss : 37059.023438 Content Loss: 27.511431
[2024-07-03 17:37:16] INFO | run [15]:
[2024-07-03 17:37:16] INFO | Style Loss : 8040.511230 Content Loss: 34.107033
[2024-07-03 17:37:43] INFO | run [20]:
[2024-07-03 17:37:43] INFO | Style Loss : 2808.329102 Content Loss: 30.996288
[2024-07-03 17:38:10] INFO | run [25]:
[2024-07-03 17:38:10] INFO | Style Loss : 1740.451660 Content Loss: 28.960625
[2024-07-03 17:38:37] INFO | run [30]:
[2024-07-03 17:38:37] INFO | Style Loss : 1312.854858 Content Loss: 29.074484
[2024-07-03 17:39:04] INFO | run [35]:
[2024-07-03 17:39:04] INFO | Style Loss : 1094.173462 Content Loss: 29.404943
[2024-07-03 17:39:31] INFO | run [40]:
[2024-07-03 17:39:31] INFO | Style Loss : 918.018372 Content Loss: 29.931925
[2024-07-03 17:39:56] INFO | run [45]:
[2024-07-03 17:39:56] INFO | Style Loss : 673.734070 Content Loss: 30.371241
[2024-07-03 17:40:22] INFO | run [50]:
[2024-07-03 17:40:22] INFO | Style Loss : 495.994354 Content Loss: 30.849791
[2024-07-03 17:40:47] INFO | run [55]:
[2024-07-03 17:40:47] INFO | Style Loss : 342.480194 Content Loss: 31.297333
[2024-07-03 17:41:13] INFO | run [60]:
[2024-07-03 17:41:13] INFO | Style Loss : 233.839676 Content Loss: 31.630751
[2024-07-03 17:41:14] INFO | 0ba12f89274c4980b68bdfc87f522f59.jpg
